0 info it worked if it ends with ok
1 verbose cli [ 'node',
1 verbose cli   '/usr/local/bin/npm',
1 verbose cli   'install',
1 verbose cli   '/.',
1 verbose cli   '/Users/ApigeeCorporation/Documents/Projects/BBCWW/gateway/Store/tests/debug/' ]
2 info using npm@1.4.28
3 info using node@v0.10.32
4 verbose readDependencies using package.json deps
5 verbose cache add [ '/.', null ]
6 verbose cache add name=undefined spec="/." args=["/.",null]
7 verbose parsed url { protocol: null,
7 verbose parsed url   slashes: null,
7 verbose parsed url   auth: null,
7 verbose parsed url   host: null,
7 verbose parsed url   port: null,
7 verbose parsed url   hostname: null,
7 verbose parsed url   hash: null,
7 verbose parsed url   search: null,
7 verbose parsed url   query: null,
7 verbose parsed url   pathname: '/.',
7 verbose parsed url   path: '/.',
7 verbose parsed url   href: '/.' }
8 verbose cache add [ '/Users/ApigeeCorporation/Documents/Projects/BBCWW/gateway/Store/tests/debug/',
8 verbose cache add   null ]
9 verbose cache add name=undefined spec="/Users/ApigeeCorporation/Documents/Projects/BBCWW/gateway/Store/tests/debug/" args=["/Users/ApigeeCorporation/Documents/Projects/BBCWW/gateway/Store/tests/debug/",null]
10 verbose parsed url { protocol: null,
10 verbose parsed url   slashes: null,
10 verbose parsed url   auth: null,
10 verbose parsed url   host: null,
10 verbose parsed url   port: null,
10 verbose parsed url   hostname: null,
10 verbose parsed url   hash: null,
10 verbose parsed url   search: null,
10 verbose parsed url   query: null,
10 verbose parsed url   pathname: '/Users/ApigeeCorporation/Documents/Projects/BBCWW/gateway/Store/tests/debug/',
10 verbose parsed url   path: '/Users/ApigeeCorporation/Documents/Projects/BBCWW/gateway/Store/tests/debug/',
10 verbose parsed url   href: '/Users/ApigeeCorporation/Documents/Projects/BBCWW/gateway/Store/tests/debug/' }
11 silly lockFile 6a253964- /.
12 verbose lock /. /Users/ApigeeCorporation/.npm/6a253964-.lock
13 silly lockFile 3f3202fc--BBCWW-gateway-Store-tests-debug /Users/ApigeeCorporation/Documents/Projects/BBCWW/gateway/Store/tests/debug/
14 verbose lock /Users/ApigeeCorporation/Documents/Projects/BBCWW/gateway/Store/tests/debug/ /Users/ApigeeCorporation/.npm/3f3202fc--BBCWW-gateway-Store-tests-debug.lock
15 silly lockFile 6a253964- /.
16 silly lockFile 6a253964- /.
17 error addLocal Could not install /.
18 silly lockFile 3f3202fc--BBCWW-gateway-Store-tests-debug /Users/ApigeeCorporation/Documents/Projects/BBCWW/gateway/Store/tests/debug/
19 silly lockFile 3f3202fc--BBCWW-gateway-Store-tests-debug /Users/ApigeeCorporation/Documents/Projects/BBCWW/gateway/Store/tests/debug/
20 error addLocal Could not install /Users/ApigeeCorporation/Documents/Projects/BBCWW/gateway/Store/tests/debug/
21 error Error: ENOENT, open '/package.json'
22 error If you need help, you may report this *entire* log,
22 error including the npm and node versions, at:
22 error     <http://github.com/npm/npm/issues>
23 error System Darwin 14.1.0
24 error command "node" "/usr/local/bin/npm" "install" "/." "/Users/ApigeeCorporation/Documents/Projects/BBCWW/gateway/Store/tests/debug/"
25 error cwd /Users/ApigeeCorporation/Documents/Projects/jscDebugContext/package
26 error node -v v0.10.32
27 error npm -v 1.4.28
28 error path /package.json
29 error code ENOENT
30 error errno 34
31 verbose exit [ 34, true ]
